nohup: ignoring input
__________________________________________________________________________________________________
Layer (type)                    Output Shape         Param #     Connected to                     
==================================================================================================
input_2 (InputLayer)            (None, 160, 160, 1)  0                                            
__________________________________________________________________________________________________
input_1 (InputLayer)            (None, 10, 10, 1)    0                                            
__________________________________________________________________________________________________
sequential_2 (Sequential)       (None, 160, 160, 96) 360480      input_2[0][0]                    
__________________________________________________________________________________________________
sequential_1 (Sequential)       (None, 160, 160, 96) 720352      input_1[0][0]                    
                                                                 input_3[0][0]                    
__________________________________________________________________________________________________
input_3 (InputLayer)            (None, 10, 10, 1)    0                                            
__________________________________________________________________________________________________
subtract_1 (Subtract)           (None, 160, 160, 96) 0           sequential_2[1][0]               
                                                                 sequential_1[1][0]               
__________________________________________________________________________________________________
add_1 (Add)                     (None, 160, 160, 96) 0           subtract_1[0][0]                 
                                                                 sequential_1[2][0]               
__________________________________________________________________________________________________
conv2d_11 (Conv2D)              (None, 160, 160, 1)  865         add_1[0][0]                      
==================================================================================================
Total params: 1,081,697
Trainable params: 1,081,697
Non-trainable params: 0
__________________________________________________________________________________________________
Train on 31329 samples, validate on 3481 samples
Epoch 1/5

  256/31329 [..............................] - ETA: 4:06:28 - loss: 576651.8750 - psnr: 23.2345
  512/31329 [..............................] - ETA: 3:50:18 - loss: 2727472.4375 - psnr: 18.6014
  768/31329 [..............................] - ETA: 3:46:17 - loss: 1955141.5000 - psnr: 20.5925
 1024/31329 [..............................] - ETA: 3:41:09 - loss: 1590236.7969 - psnr: 21.4187
 1280/31329 [>.............................] - ETA: 3:37:09 - loss: 1382690.5125 - psnr: 21.8085
 1536/31329 [>.............................] - ETA: 3:34:59 - loss: 1236387.5990 - psnr: 22.1365
 1792/31329 [>.............................] - ETA: 3:31:30 - loss: 1112341.6205 - psnr: 22.5697
 2048/31329 [>.............................] - ETA: 3:29:25 - loss: 1033524.8008 - psnr: 22.9313
 2304/31329 [=>............................] - ETA: 3:27:00 - loss: 953123.4583 - psnr: 23.2529 
 2560/31329 [=>............................] - ETA: 3:24:34 - loss: 883585.6203 - psnr: 23.6056
 2816/31329 [=>............................] - ETA: 3:22:31 - loss: 824008.1861 - psnr: 23.9343
 3072/31329 [=>............................] - ETA: 3:19:59 - loss: 775693.3164 - psnr: 24.1740
 3328/31329 [==>...........................] - ETA: 3:17:54 - loss: 736055.3846 - psnr: 24.3727
 3584/31329 [==>...........................] - ETA: 3:15:54 - loss: 700645.1920 - psnr: 24.5580
 3840/31329 [==>...........................] - ETA: 3:13:45 - loss: 669967.2729 - psnr: 24.7163
 4096/31329 [==>...........................] - ETA: 3:11:46 - loss: 642068.2383 - psnr: 24.8800
 4352/31329 [===>..........................] - ETA: 3:09:31 - loss: 618564.8189 - psnr: 25.0066
 4608/31329 [===>..........................] - ETA: 3:08:13 - loss: 596988.2335 - psnr: 25.1279
 4864/31329 [===>..........................] - ETA: 3:06:22 - loss: 577747.6406 - psnr: 25.2339
 5120/31329 [===>..........................] - ETA: 3:04:17 - loss: 560797.0336 - psnr: 25.3274
 5376/31329 [====>.........................] - ETA: 3:02:41 - loss: 545267.2351 - psnr: 25.4132
 5632/31329 [====>.........................] - ETA: 3:00:52 - loss: 530897.4872 - psnr: 25.4929
 5888/31329 [====>.........................] - ETA: 2:58:52 - loss: 517189.4484 - psnr: 25.5816
 6144/31329 [====>.........................] - ETA: 2:56:43 - loss: 505131.5417 - psnr: 25.6494
 6400/31329 [=====>........................] - ETA: 2:54:59 - loss: 493813.3494 - psnr: 25.7194
 6656/31329 [=====>........................] - ETA: 2:53:13 - loss: 482889.2181 - psnr: 25.7934
 6912/31329 [=====>........................] - ETA: 2:51:10 - loss: 473628.4716 - psnr: 25.8428
 7168/31329 [=====>........................] - ETA: 2:49:11 - loss: 463941.4102 - psnr: 25.9099
 7424/31329 [======>.......................] - ETA: 2:47:28 - loss: 455297.4790 - psnr: 25.9666
 7680/31329 [======>.......................] - ETA: 2:45:35 - loss: 447025.7099 - psnr: 26.0243
 7936/31329 [======>.......................] - ETA: 2:43:45 - loss: 439545.1678 - psnr: 26.0701
 8192/31329 [======>.......................] - ETA: 2:42:03 - loss: 432538.4209 - psnr: 26.1149
 8448/31329 [=======>......................] - ETA: 2:40:17 - loss: 425404.5540 - psnr: 26.1702
 8704/31329 [=======>......................] - ETA: 2:38:32 - loss: 418840.7822 - psnr: 26.2174
 8960/31329 [=======>......................] - ETA: 2:36:44 - loss: 412496.4045 - psnr: 26.2664
 9216/31329 [=======>......................] - ETA: 2:35:01 - loss: 406936.5243 - psnr: 26.3011
 9472/31329 [========>.....................] - ETA: 2:33:16 - loss: 401559.6039 - psnr: 26.3370
 9728/31329 [========>.....................] - ETA: 2:31:30 - loss: 396427.4864 - psnr: 26.3730
 9984/31329 [========>.....................] - ETA: 2:29:44 - loss: 391619.8866 - psnr: 26.4046
10240/31329 [========>.....................] - ETA: 2:27:55 - loss: 387209.6254 - psnr: 26.4315
10496/31329 [=========>....................] - ETA: 2:26:04 - loss: 382934.0781 - psnr: 26.4595
10752/31329 [=========>....................] - ETA: 2:24:14 - loss: 378699.0592 - psnr: 26.4911
11008/31329 [=========>....................] - ETA: 2:22:03 - loss: 374824.8165 - psnr: 26.5158
11264/31329 [=========>....................] - ETA: 2:19:48 - loss: 370901.5994 - psnr: 26.5443
11520/31329 [==========>...................] - ETA: 2:17:37 - loss: 367351.6618 - psnr: 26.5673
11776/31329 [==========>...................] - ETA: 2:15:29 - loss: 364361.4389 - psnr: 26.5799
12032/31329 [==========>...................] - ETA: 2:13:22 - loss: 361027.4169 - psnr: 26.6047
12288/31329 [==========>...................] - ETA: 2:11:12 - loss: 357741.5778 - psnr: 26.6297
12544/31329 [===========>..................] - ETA: 2:09:06 - loss: 354723.5163 - psnr: 26.6481
12800/31329 [===========>..................] - ETA: 2:07:03 - loss: 351777.1122 - psnr: 26.6677
13056/31329 [===========>..................] - ETA: 2:04:59 - loss: 348806.2806 - psnr: 26.6895
13312/31329 [===========>..................] - ETA: 2:02:57 - loss: 346985.7770 - psnr: 26.7040
13568/31329 [===========>..................] - ETA: 2:00:56 - loss: 344231.4381 - psnr: 26.7220
13824/31329 [============>.................] - ETA: 1:58:56 - loss: 340812.5579 - psnr: 26.7581
14080/31329 [============>.................] - ETA: 1:56:57 - loss: 335648.1522 - psnr: 26.8827
14336/31329 [============>.................] - ETA: 1:54:59 - loss: 332424.7516 - psnr: 26.9228
14592/31329 [============>.................] - ETA: 1:53:02 - loss: 327937.0101 - psnr: 27.0151
14848/31329 [=============>................] - ETA: 1:51:06 - loss: 323424.7509 - psnr: 27.1173
15104/31329 [=============>................] - ETA: 1:49:10 - loss: 318848.0794 - psnr: 27.2313
15360/31329 [=============>................] - ETA: 1:47:16 - loss: 314560.0822 - psnr: 27.3264
15616/31329 [=============>................] - ETA: 1:45:23 - loss: 310517.6470 - psnr: 27.4122
15872/31329 [==============>...............] - ETA: 1:43:30 - loss: 306380.8507 - psnr: 27.5144
16128/31329 [==============>...............] - ETA: 1:41:37 - loss: 302252.9972 - psnr: 27.6255
16384/31329 [==============>...............] - ETA: 1:39:45 - loss: 298204.7917 - psnr: 27.7379
16640/31329 [==============>...............] - ETA: 1:37:54 - loss: 294257.4125 - psnr: 27.8490
16896/31329 [===============>..............] - ETA: 1:36:03 - loss: 290501.8649 - psnr: 27.9492
17152/31329 [===============>..............] - ETA: 1:34:13 - loss: 286823.1842 - psnr: 28.0491
17408/31329 [===============>..............] - ETA: 1:32:23 - loss: 283185.4157 - psnr: 28.1552
17664/31329 [===============>..............] - ETA: 1:30:34 - loss: 279676.6495 - psnr: 28.2532
17920/31329 [================>.............] - ETA: 1:28:45 - loss: 276212.5733 - psnr: 28.3549
18176/31329 [================>.............] - ETA: 1:26:57 - loss: 272829.0350 - psnr: 28.4579
18432/31329 [================>.............] - ETA: 1:25:10 - loss: 269532.3475 - psnr: 28.5574
18688/31329 [================>.............] - ETA: 1:23:21 - loss: 266367.3758 - psnr: 28.6533
18944/31329 [=================>............] - ETA: 1:21:35 - loss: 263242.8249 - psnr: 28.7485
19200/31329 [=================>............] - ETA: 1:19:48 - loss: 260213.4523 - psnr: 28.8411
19456/31329 [=================>............] - ETA: 1:18:02 - loss: 257253.4225 - psnr: 28.9320
19712/31329 [=================>............] - ETA: 1:16:16 - loss: 254376.6800 - psnr: 29.0169
19968/31329 [==================>...........] - ETA: 1:14:30 - loss: 251546.2521 - psnr: 29.1043
20224/31329 [==================>...........] - ETA: 1:12:44 - loss: 248795.8351 - psnr: 29.1893
20480/31329 [==================>...........] - ETA: 1:10:59 - loss: 246084.0559 - psnr: 29.2759
20736/31329 [==================>...........] - ETA: 1:09:14 - loss: 243470.6805 - psnr: 29.3549
20992/31329 [===================>..........] - ETA: 1:07:30 - loss: 240929.9799 - psnr: 29.4328
21248/31329 [===================>..........] - ETA: 1:05:46 - loss: 238418.3756 - psnr: 29.5126
21504/31329 [===================>..........] - ETA: 1:04:02 - loss: 235982.0562 - psnr: 29.5905
21760/31329 [===================>..........] - ETA: 1:02:18 - loss: 233627.7215 - psnr: 29.6609
22016/31329 [====================>.........] - ETA: 1:00:35 - loss: 231330.6271 - psnr: 29.7308
22272/31329 [====================>.........] - ETA: 58:52 - loss: 229028.6738 - psnr: 29.8044  
22528/31329 [====================>.........] - ETA: 57:09 - loss: 226809.7080 - psnr: 29.8736
22784/31329 [====================>.........] - ETA: 55:26 - loss: 224623.2222 - psnr: 29.9428
23040/31329 [=====================>........] - ETA: 53:44 - loss: 222486.9217 - psnr: 30.0134
23296/31329 [=====================>........] - ETA: 52:02 - loss: 220402.9602 - psnr: 30.0800
23552/31329 [=====================>........] - ETA: 50:21 - loss: 218352.5833 - psnr: 30.1450
23808/31329 [=====================>........] - ETA: 48:39 - loss: 216319.1590 - psnr: 30.2116
24064/31329 [======================>.......] - ETA: 46:58 - loss: 214363.8955 - psnr: 30.2752
24320/31329 [======================>.......] - ETA: 45:17 - loss: 212439.6459 - psnr: 30.3389
24576/31329 [======================>.......] - ETA: 43:35 - loss: 210535.5210 - psnr: 30.4045
24832/31329 [======================>.......] - ETA: 41:54 - loss: 208680.2591 - psnr: 30.4660
25088/31329 [=======================>......] - ETA: 40:14 - loss: 206856.9378 - psnr: 30.5264
25344/31329 [=======================>......] - ETA: 38:33 - loss: 205102.0931 - psnr: 30.5845
25600/31329 [=======================>......] - ETA: 36:52 - loss: 203386.8905 - psnr: 30.6398
25856/31329 [=======================>......] - ETA: 35:12 - loss: 201692.2497 - psnr: 30.6961
26112/31329 [========================>.....] - ETA: 33:32 - loss: 200022.2034 - psnr: 30.7500
26368/31329 [========================>.....] - ETA: 31:52 - loss: 198396.7842 - psnr: 30.8029
26624/31329 [========================>.....] - ETA: 30:12 - loss: 196780.8631 - psnr: 30.8571
26880/31329 [========================>.....] - ETA: 28:32 - loss: 195178.7616 - psnr: 30.9109
27136/31329 [========================>.....] - ETA: 26:53 - loss: 193627.1647 - psnr: 30.9632
27392/31329 [=========================>....] - ETA: 25:13 - loss: 192104.5648 - psnr: 31.0157
27648/31329 [=========================>....] - ETA: 23:34 - loss: 190583.2955 - psnr: 31.0713
27904/31329 [=========================>....] - ETA: 21:55 - loss: 189116.0344 - psnr: 31.1192
28160/31329 [=========================>....] - ETA: 20:15 - loss: 187685.8582 - psnr: 31.1653
28416/31329 [==========================>...] - ETA: 18:35 - loss: 186277.5329 - psnr: 31.2137
28672/31329 [==========================>...] - ETA: 16:56 - loss: 184876.5354 - psnr: 31.2637
28928/31329 [==========================>...] - ETA: 15:16 - loss: 183515.2081 - psnr: 31.3103
29184/31329 [==========================>...] - ETA: 13:38 - loss: 182172.4319 - psnr: 31.3545
29440/31329 [===========================>..] - ETA: 11:59 - loss: 180846.5635 - psnr: 31.4006
29696/31329 [===========================>..] - ETA: 10:20 - loss: 179539.9869 - psnr: 31.4455
29952/31329 [===========================>..] - ETA: 8:42 - loss: 178255.5960 - psnr: 31.4896 
30208/31329 [===========================>..] - ETA: 7:05 - loss: 176967.0314 - psnr: 31.5367
30464/31329 [============================>.] - ETA: 5:27 - loss: 175747.5073 - psnr: 31.5758
30720/31329 [============================>.] - ETA: 3:50 - loss: 174541.8721 - psnr: 31.6165
30976/31329 [============================>.] - ETA: 2:13 - loss: 173333.5764 - psnr: 31.6588
31232/31329 [============================>.] - ETA: 36s - loss: 172160.3438 - psnr: 31.6991 
31329/31329 [==============================] - 12120s 387ms/step - loss: 171727.3988 - psnr: 31.7127 - val_loss: 26487.8974 - val_psnr: 36.5333
Epoch 2/5

  256/31329 [..............................] - ETA: 2:45:18 - loss: 28261.0703 - psnr: 36.7715
  512/31329 [..............................] - ETA: 2:43:45 - loss: 28986.0205 - psnr: 36.6175
  768/31329 [..............................] - ETA: 2:42:01 - loss: 30091.6543 - psnr: 36.5519
 1024/31329 [..............................] - ETA: 2:40:43 - loss: 29804.9688 - psnr: 36.5885
 1280/31329 [>.............................] - ETA: 2:38:59 - loss: 29559.1070 - psnr: 36.6076
 1536/31329 [>.............................] - ETA: 2:37:32 - loss: 30533.3372 - psnr: 36.5862
 1792/31329 [>.............................] - ETA: 2:35:51 - loss: 30513.9958 - psnr: 36.5692
 2048/31329 [>.............................] - ETA: 2:34:08 - loss: 30276.4949 - psnr: 36.5863
 2304/31329 [=>............................] - ETA: 2:32:51 - loss: 29736.3678 - psnr: 36.6389
 2560/31329 [=>............................] - ETA: 2:31:31 - loss: 29705.7582 - psnr: 36.6346
 2816/31329 [=>............................] - ETA: 2:30:09 - loss: 29777.4718 - psnr: 36.6285
 3072/31329 [=>............................] - ETA: 2:28:45 - loss: 29718.2821 - psnr: 36.6325
 3328/31329 [==>...........................] - ETA: 2:27:22 - loss: 29663.8130 - psnr: 36.6386
 3584/31329 [==>...........................] - ETA: 2:26:05 - loss: 29801.0275 - psnr: 36.6153
 3840/31329 [==>...........................] - ETA: 2:24:38 - loss: 29648.5582 - psnr: 36.6351
 4096/31329 [==>...........................] - ETA: 2:23:13 - loss: 29593.9231 - psnr: 36.6484
 4352/31329 [===>..........................] - ETA: 2:21:49 - loss: 29588.5931 - psnr: 36.6300
 4608/31329 [===>..........................] - ETA: 2:20:30 - loss: 29571.0429 - psnr: 36.6167
 4864/31329 [===>..........................] - ETA: 2:19:14 - loss: 29579.3936 - psnr: 36.6199
 5120/31329 [===>..........................] - ETA: 2:17:55 - loss: 29472.6566 - psnr: 36.6225
 5376/31329 [====>.........................] - ETA: 2:16:33 - loss: 29356.7382 - psnr: 36.6422
 5632/31329 [====>.........................] - ETA: 2:15:17 - loss: 29323.2650 - psnr: 36.6396
 5888/31329 [====>.........................] - ETA: 2:13:54 - loss: 29232.2649 - psnr: 36.6482
 6144/31329 [====>.........................] - ETA: 2:12:36 - loss: 29297.1069 - psnr: 36.6329
 6400/31329 [=====>........................] - ETA: 2:11:17 - loss: 29253.0622 - psnr: 36.6453
 6656/31329 [=====>........................] - ETA: 2:09:57 - loss: 29201.8259 - psnr: 36.6500
 6912/31329 [=====>........................] - ETA: 2:08:35 - loss: 29107.8316 - psnr: 36.6638
 7168/31329 [=====>........................] - ETA: 2:07:14 - loss: 29096.5920 - psnr: 36.6638
 7424/31329 [======>.......................] - ETA: 2:05:51 - loss: 29071.0463 - psnr: 36.6761
 7680/31329 [======>.......................] - ETA: 2:04:30 - loss: 29058.5115 - psnr: 36.6678
 7936/31329 [======>.......................] - ETA: 2:03:06 - loss: 29051.3592 - psnr: 36.6732
 8192/31329 [======>.......................] - ETA: 2:01:43 - loss: 29067.5438 - psnr: 36.6712
 8448/31329 [=======>......................] - ETA: 2:00:24 - loss: 29105.8367 - psnr: 36.6589
 8704/31329 [=======>......................] - ETA: 1:59:03 - loss: 29112.5958 - psnr: 36.6584
 8960/31329 [=======>......................] - ETA: 1:57:42 - loss: 29094.0211 - psnr: 36.6614
 9216/31329 [=======>......................] - ETA: 1:56:22 - loss: 29090.8295 - psnr: 36.6537
 9472/31329 [========>.....................] - ETA: 1:54:57 - loss: 29039.2459 - psnr: 36.6617
 9728/31329 [========>.....................] - ETA: 1:53:37 - loss: 28988.5808 - psnr: 36.6662
 9984/31329 [========>.....................] - ETA: 1:52:16 - loss: 28960.3528 - psnr: 36.6700
10240/31329 [========>.....................] - ETA: 1:50:56 - loss: 28963.1889 - psnr: 36.6718
10496/31329 [=========>....................] - ETA: 1:49:36 - loss: 28940.6026 - psnr: 36.6800
10752/31329 [=========>....................] - ETA: 1:48:16 - loss: 28883.0336 - psnr: 36.6915
11008/31329 [=========>....................] - ETA: 1:46:53 - loss: 28822.4314 - psnr: 36.7022
11264/31329 [=========>....................] - ETA: 1:45:34 - loss: 28687.0982 - psnr: 36.7265
11520/31329 [==========>...................] - ETA: 1:44:14 - loss: 28628.9928 - psnr: 36.7340
11776/31329 [==========>...................] - ETA: 1:42:54 - loss: 28631.1428 - psnr: 36.7409
12032/31329 [==========>...................] - ETA: 1:41:34 - loss: 28604.1905 - psnr: 36.7433
12288/31329 [==========>...................] - ETA: 1:40:12 - loss: 28593.1372 - psnr: 36.7494
12544/31329 [===========>..................] - ETA: 1:38:52 - loss: 28599.2056 - psnr: 36.7492
12800/31329 [===========>..................] - ETA: 1:37:31 - loss: 28578.8970 - psnr: 36.7541
13056/31329 [===========>..................] - ETA: 1:36:09 - loss: 28577.7131 - psnr: 36.7627
13312/31329 [===========>..................] - ETA: 1:34:50 - loss: 28603.8034 - psnr: 36.7588
13568/31329 [===========>..................] - ETA: 1:33:30 - loss: 28584.0715 - psnr: 36.7620
13824/31329 [============>.................] - ETA: 1:32:08 - loss: 28532.4194 - psnr: 36.7728
14080/31329 [============>.................] - ETA: 1:30:48 - loss: 28476.4769 - psnr: 36.7807
14336/31329 [============>.................] - ETA: 1:29:26 - loss: 28437.8193 - psnr: 36.7810
14592/31329 [============>.................] - ETA: 1:28:05 - loss: 28412.9180 - psnr: 36.7855
14848/31329 [=============>................] - ETA: 1:26:44 - loss: 28399.7290 - psnr: 36.7845
15104/31329 [=============>................] - ETA: 1:25:23 - loss: 28374.1862 - psnr: 36.7887
15360/31329 [=============>................] - ETA: 1:24:01 - loss: 28374.2248 - psnr: 36.7874
15616/31329 [=============>................] - ETA: 1:22:40 - loss: 28372.8415 - psnr: 36.7880
15872/31329 [==============>...............] - ETA: 1:21:20 - loss: 28316.4073 - psnr: 36.7935
16128/31329 [==============>...............] - ETA: 1:19:58 - loss: 28287.5219 - psnr: 36.8018
16384/31329 [==============>...............] - ETA: 1:18:37 - loss: 28234.3024 - psnr: 36.8126
16640/31329 [==============>...............] - ETA: 1:17:17 - loss: 28211.1289 - psnr: 36.8160
16896/31329 [===============>..............] - ETA: 1:15:56 - loss: 28221.9123 - psnr: 36.8191
17152/31329 [===============>..............] - ETA: 1:14:36 - loss: 28205.0458 - psnr: 36.8237
17408/31329 [===============>..............] - ETA: 1:13:16 - loss: 28223.7956 - psnr: 36.8226
17664/31329 [===============>..............] - ETA: 1:11:56 - loss: 28235.3808 - psnr: 36.8213
17920/31329 [================>.............] - ETA: 1:10:35 - loss: 28207.9101 - psnr: 36.8249
18176/31329 [================>.............] - ETA: 1:09:14 - loss: 28207.3581 - psnr: 36.8240
18432/31329 [================>.............] - ETA: 1:07:53 - loss: 28208.8436 - psnr: 36.8262
18688/31329 [================>.............] - ETA: 1:06:33 - loss: 28195.6533 - psnr: 36.8260
18944/31329 [=================>............] - ETA: 1:05:12 - loss: 28155.1551 - psnr: 36.8325
19200/31329 [=================>............] - ETA: 1:03:50 - loss: 28141.4663 - psnr: 36.8356
19456/31329 [=================>............] - ETA: 1:02:29 - loss: 28126.8567 - psnr: 36.8358
19712/31329 [=================>............] - ETA: 1:01:09 - loss: 28108.1238 - psnr: 36.8390
19968/31329 [==================>...........] - ETA: 59:48 - loss: 28111.5546 - psnr: 36.8365  
20224/31329 [==================>...........] - ETA: 58:27 - loss: 28091.3211 - psnr: 36.8380
20480/31329 [==================>...........] - ETA: 57:06 - loss: 28061.8637 - psnr: 36.8397
20736/31329 [==================>...........] - ETA: 55:45 - loss: 28025.9145 - psnr: 36.8450
20992/31329 [===================>..........] - ETA: 54:24 - loss: 27968.2236 - psnr: 36.8538
21248/31329 [===================>..........] - ETA: 53:03 - loss: 27954.6833 - psnr: 36.8575
21504/31329 [===================>..........] - ETA: 51:43 - loss: 27954.7396 - psnr: 36.8575
21760/31329 [===================>..........] - ETA: 50:21 - loss: 27962.4920 - psnr: 36.8567
22016/31329 [====================>.........] - ETA: 49:00 - loss: 27949.1102 - psnr: 36.8594
22272/31329 [====================>.........] - ETA: 47:39 - loss: 27931.5833 - psnr: 36.8615
22528/31329 [====================>.........] - ETA: 46:18 - loss: 27911.5873 - psnr: 36.8647
22784/31329 [====================>.........] - ETA: 44:57 - loss: 27902.1692 - psnr: 36.8677
23040/31329 [=====================>........] - ETA: 43:37 - loss: 27895.8270 - psnr: 36.8679
23296/31329 [=====================>........] - ETA: 42:16 - loss: 27885.6726 - psnr: 36.8687
23552/31329 [=====================>........] - ETA: 40:55 - loss: 27893.2888 - psnr: 36.8664
23808/31329 [=====================>........] - ETA: 39:34 - loss: 27904.8230 - psnr: 36.8663
24064/31329 [======================>.......] - ETA: 38:13 - loss: 27914.6948 - psnr: 36.8659
24320/31329 [======================>.......] - ETA: 36:52 - loss: 27884.7300 - psnr: 36.8690
24576/31329 [======================>.......] - ETA: 35:32 - loss: 27891.5446 - psnr: 36.8694
24832/31329 [======================>.......] - ETA: 34:11 - loss: 27871.3503 - psnr: 36.8727
25088/31329 [=======================>......] - ETA: 32:50 - loss: 27861.5555 - psnr: 36.8731
25344/31329 [=======================>......] - ETA: 31:29 - loss: 27843.8952 - psnr: 36.8736
25600/31329 [=======================>......] - ETA: 30:08 - loss: 27834.7329 - psnr: 36.8719
25856/31329 [=======================>......] - ETA: 28:48 - loss: 27839.0133 - psnr: 36.8694
26112/31329 [========================>.....] - ETA: 27:27 - loss: 27828.2832 - psnr: 36.8720
26368/31329 [========================>.....] - ETA: 26:06 - loss: 27817.2155 - psnr: 36.8737
26624/31329 [========================>.....] - ETA: 24:45 - loss: 27807.9699 - psnr: 36.8735
26880/31329 [========================>.....] - ETA: 23:25 - loss: 27814.5340 - psnr: 36.8717
27136/31329 [========================>.....] - ETA: 22:04 - loss: 27791.0126 - psnr: 36.8761
27392/31329 [=========================>....] - ETA: 20:43 - loss: 27770.5033 - psnr: 36.8808
27648/31329 [=========================>....] - ETA: 19:22 - loss: 27754.7133 - psnr: 36.8834
27904/31329 [=========================>....] - ETA: 18:01 - loss: 27745.5680 - psnr: 36.8858
28160/31329 [=========================>....] - ETA: 16:41 - loss: 27726.2763 - psnr: 36.8889
28416/31329 [==========================>...] - ETA: 15:20 - loss: 27731.4690 - psnr: 36.8907
28672/31329 [==========================>...] - ETA: 13:59 - loss: 27710.0586 - psnr: 36.8950
28928/31329 [==========================>...] - ETA: 12:38 - loss: 27699.9316 - psnr: 36.8991
29184/31329 [==========================>...] - ETA: 11:17 - loss: 27703.8012 - psnr: 36.8975
29440/31329 [===========================>..] - ETA: 9:56 - loss: 27686.0871 - psnr: 36.9006 
29696/31329 [===========================>..] - ETA: 8:35 - loss: 27690.7520 - psnr: 36.8983
29952/31329 [===========================>..] - ETA: 7:14 - loss: 27668.9358 - psnr: 36.9029
30208/31329 [===========================>..] - ETA: 5:54 - loss: 27663.2073 - psnr: 36.9030
30464/31329 [============================>.] - ETA: 4:33 - loss: 27637.8413 - psnr: 36.9072
30720/31329 [============================>.] - ETA: 3:12 - loss: 27629.1316 - psnr: 36.9076
30976/31329 [============================>.] - ETA: 1:51 - loss: 27609.8450 - psnr: 36.9123
31232/31329 [============================>.] - ETA: 30s - loss: 27597.0120 - psnr: 36.9137 
31329/31329 [==============================] - 10206s 326ms/step - loss: 27590.0143 - psnr: 36.9145 - val_loss: 23122.1049 - val_psnr: 37.2136
Epoch 3/5

  256/31329 [..............................] - ETA: 2:43:32 - loss: 24140.7148 - psnr: 37.5683
  512/31329 [..............................] - ETA: 2:41:47 - loss: 25399.1074 - psnr: 37.2938
  768/31329 [..............................] - ETA: 2:40:10 - loss: 25665.8203 - psnr: 37.2849
 1024/31329 [..............................] - ETA: 2:38:51 - loss: 25663.8389 - psnr: 37.2815
 1280/31329 [>.............................] - ETA: 2:37:30 - loss: 25792.0184 - psnr: 37.2242
 1536/31329 [>.............................] - ETA: 2:36:17 - loss: 25595.3496 - psnr: 37.2369
 1792/31329 [>.............................] - ETA: 2:35:20 - loss: 25781.0826 - psnr: 37.2431
 2048/31329 [>.............................] - ETA: 2:34:09 - loss: 25754.7417 - psnr: 37.2461
 2304/31329 [=>............................] - ETA: 2:32:55 - loss: 25980.3329 - psnr: 37.2095
 2560/31329 [=>............................] - ETA: 2:31:33 - loss: 25821.3035 - psnr: 37.2361
 2816/31329 [=>............................] - ETA: 2:30:16 - loss: 26192.9606 - psnr: 37.1943
 3072/31329 [=>............................] - ETA: 2:28:52 - loss: 25962.3815 - psnr: 37.2331
 3328/31329 [==>...........................] - ETA: 2:27:32 - loss: 26027.4401 - psnr: 37.2366
 3584/31329 [==>...........................] - ETA: 2:26:18 - loss: 26152.6631 - psnr: 37.2125
 3840/31329 [==>...........................] - ETA: 2:24:52 - loss: 26234.6230 - psnr: 37.2003
 4096/31329 [==>...........................] - ETA: 2:23:30 - loss: 26318.8822 - psnr: 37.1807
 4352/31329 [===>..........................] - ETA: 2:22:08 - loss: 26514.6221 - psnr: 37.1518
 4608/31329 [===>..........................] - ETA: 2:20:45 - loss: 26482.2571 - psnr: 37.1390
 4864/31329 [===>..........................] - ETA: 2:19:23 - loss: 26453.6339 - psnr: 37.1398
 5120/31329 [===>..........................] - ETA: 2:18:04 - loss: 26479.7969 - psnr: 37.1417
 5376/31329 [====>.........................] - ETA: 2:16:48 - loss: 26409.5262 - psnr: 37.1519
 5632/31329 [====>.........................] - ETA: 2:15:26 - loss: 26300.8634 - psnr: 37.1641
 5888/31329 [====>.........................] - ETA: 2:14:01 - loss: 26223.9085 - psnr: 37.1711
 6144/31329 [====>.........................] - ETA: 2:12:39 - loss: 26150.0893 - psnr: 37.1917
 6400/31329 [=====>........................] - ETA: 2:11:23 - loss: 26161.8195 - psnr: 37.1851
 6656/31329 [=====>........................] - ETA: 2:10:02 - loss: 26152.3031 - psnr: 37.1802
 6912/31329 [=====>........................] - ETA: 2:08:38 - loss: 26205.6297 - psnr: 37.1649
 7168/31329 [=====>........................] - ETA: 2:07:13 - loss: 26167.0163 - psnr: 37.1652
 7424/31329 [======>.......................] - ETA: 2:05:52 - loss: 26129.5913 - psnr: 37.1771
 7680/31329 [======>.......................] - ETA: 2:04:28 - loss: 26268.8469 - psnr: 37.1607
 7936/31329 [======>.......................] - ETA: 2:03:09 - loss: 26241.8250 - psnr: 37.1608
 8192/31329 [======>.......................] - ETA: 2:01:49 - loss: 26229.7951 - psnr: 37.1608
 8448/31329 [=======>......................] - ETA: 2:00:28 - loss: 26262.3195 - psnr: 37.1627
 8704/31329 [=======>......................] - ETA: 1:59:06 - loss: 26239.5349 - psnr: 37.1642
 8960/31329 [=======>......................] - ETA: 1:57:47 - loss: 26256.1555 - psnr: 37.1571
 9216/31329 [=======>......................] - ETA: 1:56:26 - loss: 26256.8181 - psnr: 37.1504
 9472/31329 [========>.....................] - ETA: 1:55:05 - loss: 26229.0722 - psnr: 37.1487
 9728/31329 [========>.....................] - ETA: 1:53:45 - loss: 26213.5033 - psnr: 37.1485
 9984/31329 [========>.....................] - ETA: 1:52:26 - loss: 26214.6337 - psnr: 37.1461
10240/31329 [========>.....................] - ETA: 1:51:08 - loss: 26235.2991 - psnr: 37.1447
10496/31329 [=========>....................] - ETA: 1:49:47 - loss: 26281.3913 - psnr: 37.1418
10752/31329 [=========>....................] - ETA: 1:48:27 - loss: 26279.3474 - psnr: 37.1396
11008/31329 [=========>....................] - ETA: 1:47:06 - loss: 26321.9351 - psnr: 37.1271
11264/31329 [=========>....................] - ETA: 1:45:44 - loss: 26307.1015 - psnr: 37.1300
11520/31329 [==========>...................] - ETA: 1:44:24 - loss: 26267.8034 - psnr: 37.1409
11776/31329 [==========>...................] - ETA: 1:43:03 - loss: 26297.2516 - psnr: 37.1352
12032/31329 [==========>...................] - ETA: 1:41:43 - loss: 26283.8848 - psnr: 37.1353
12288/31329 [==========>...................] - ETA: 1:40:21 - loss: 26255.5312 - psnr: 37.1422
12544/31329 [===========>..................] - ETA: 1:39:00 - loss: 26253.6005 - psnr: 37.1430
12800/31329 [===========>..................] - ETA: 1:37:38 - loss: 26222.5082 - psnr: 37.1455
13056/31329 [===========>..................] - ETA: 1:36:17 - loss: 26247.0654 - psnr: 37.1451
13312/31329 [===========>..................] - ETA: 1:34:57 - loss: 26259.2379 - psnr: 37.1424
13568/31329 [===========>..................] - ETA: 1:33:35 - loss: 26268.9319 - psnr: 37.1387
13824/31329 [============>.................] - ETA: 1:32:14 - loss: 26270.3612 - psnr: 37.1384
14080/31329 [============>.................] - ETA: 1:30:52 - loss: 26255.2670 - psnr: 37.1400
14336/31329 [============>.................] - ETA: 1:29:31 - loss: 26348.7029 - psnr: 37.1220
14592/31329 [============>.................] - ETA: 1:28:10 - loss: 26355.5117 - psnr: 37.1242
14848/31329 [=============>................] - ETA: 1:26:50 - loss: 26348.5396 - psnr: 37.1227
15104/31329 [=============>................] - ETA: 1:25:30 - loss: 26295.0697 - psnr: 37.1289
15360/31329 [=============>................] - ETA: 1:24:08 - loss: 26309.6371 - psnr: 37.1256
15616/31329 [=============>................] - ETA: 1:22:47 - loss: 26340.8709 - psnr: 37.1262
15872/31329 [==============>...............] - ETA: 1:21:26 - loss: 26327.8858 - psnr: 37.1255
16128/31329 [==============>...............] - ETA: 1:20:05 - loss: 26332.2028 - psnr: 37.1263
16384/31329 [==============>...............] - ETA: 1:18:44 - loss: 26332.2215 - psnr: 37.1256
16640/31329 [==============>...............] - ETA: 1:17:24 - loss: 26370.6425 - psnr: 37.1228
16896/31329 [===============>..............] - ETA: 1:16:04 - loss: 26406.4519 - psnr: 37.1176
17152/31329 [===============>..............] - ETA: 1:14:43 - loss: 26404.5670 - psnr: 37.1169
17408/31329 [===============>..............] - ETA: 1:13:21 - loss: 26397.2088 - psnr: 37.1174
17664/31329 [===============>..............] - ETA: 1:12:00 - loss: 26381.9494 - psnr: 37.1187
17920/31329 [================>.............] - ETA: 1:10:40 - loss: 26376.4910 - psnr: 37.1167
18176/31329 [================>.............] - ETA: 1:09:19 - loss: 26380.5062 - psnr: 37.1154
18432/31329 [================>.............] - ETA: 1:07:58 - loss: 26369.1003 - psnr: 37.1149
18688/31329 [================>.............] - ETA: 1:06:37 - loss: 26362.4473 - psnr: 37.1171
18944/31329 [=================>............] - ETA: 1:05:17 - loss: 26360.5912 - psnr: 37.1161
19200/31329 [=================>............] - ETA: 1:03:56 - loss: 26320.1289 - psnr: 37.1257
19456/31329 [=================>............] - ETA: 1:02:34 - loss: 26339.8397 - psnr: 37.1220
19712/31329 [=================>............] - ETA: 1:01:13 - loss: 26330.6555 - psnr: 37.1209
19968/31329 [==================>...........] - ETA: 59:52 - loss: 26353.1879 - psnr: 37.1185  
20224/31329 [==================>...........] - ETA: 58:31 - loss: 26377.1337 - psnr: 37.1176
20480/31329 [==================>...........] - ETA: 57:10 - loss: 26416.7899 - psnr: 37.1160
20736/31329 [==================>...........] - ETA: 55:49 - loss: 26422.3761 - psnr: 37.1159
20992/31329 [===================>..........] - ETA: 54:28 - loss: 26406.5011 - psnr: 37.1213
21248/31329 [===================>..........] - ETA: 53:06 - loss: 26435.7537 - psnr: 37.1200
21504/31329 [===================>..........] - ETA: 51:45 - loss: 26441.3884 - psnr: 37.1182
21760/31329 [===================>..........] - ETA: 50:24 - loss: 26419.3936 - psnr: 37.1218
22016/31329 [====================>.........] - ETA: 49:03 - loss: 26438.9814 - psnr: 37.1236
22272/31329 [====================>.........] - ETA: 47:43 - loss: 26436.8228 - psnr: 37.1240
22528/31329 [====================>.........] - ETA: 46:21 - loss: 26413.2363 - psnr: 37.1280
22784/31329 [====================>.........] - ETA: 45:01 - loss: 26395.1484 - psnr: 37.1303
23040/31329 [=====================>........] - ETA: 43:40 - loss: 26391.1740 - psnr: 37.1289
23296/31329 [=====================>........] - ETA: 42:19 - loss: 26379.8093 - psnr: 37.1330
23552/31329 [=====================>........] - ETA: 40:58 - loss: 26359.8227 - psnr: 37.1351
23808/31329 [=====================>........] - ETA: 39:37 - loss: 26335.0574 - psnr: 37.1386
24064/31329 [======================>.......] - ETA: 38:16 - loss: 26336.3264 - psnr: 37.1397
24320/31329 [======================>.......] - ETA: 36:55 - loss: 26334.9886 - psnr: 37.1400
24576/31329 [======================>.......] - ETA: 35:35 - loss: 26336.7969 - psnr: 37.1385
24832/31329 [======================>.......] - ETA: 34:14 - loss: 26340.3507 - psnr: 37.1383
25088/31329 [=======================>......] - ETA: 32:53 - loss: 26362.3961 - psnr: 37.1362
25344/31329 [=======================>......] - ETA: 31:32 - loss: 26360.9207 - psnr: 37.1370
25600/31329 [=======================>......] - ETA: 30:11 - loss: 26360.9879 - psnr: 37.1370
25856/31329 [=======================>......] - ETA: 28:50 - loss: 26329.8076 - psnr: 37.1416
26112/31329 [========================>.....] - ETA: 27:29 - loss: 26312.7792 - psnr: 37.1423
26368/31329 [========================>.....] - ETA: 26:08 - loss: 26312.3433 - psnr: 37.1408
26624/31329 [========================>.....] - ETA: 24:47 - loss: 26291.5522 - psnr: 37.1427
26880/31329 [========================>.....] - ETA: 23:26 - loss: 26264.8814 - psnr: 37.1482
27136/31329 [========================>.....] - ETA: 22:05 - loss: 26275.9717 - psnr: 37.1457
27392/31329 [=========================>....] - ETA: 20:44 - loss: 26283.5841 - psnr: 37.1439
27648/31329 [=========================>....] - ETA: 19:24 - loss: 26258.7548 - psnr: 37.1462
27904/31329 [=========================>....] - ETA: 18:02 - loss: 26235.3078 - psnr: 37.1515
28160/31329 [=========================>....] - ETA: 16:41 - loss: 26242.9484 - psnr: 37.1489
28416/31329 [==========================>...] - ETA: 15:20 - loss: 26239.5259 - psnr: 37.1500
28672/31329 [==========================>...] - ETA: 14:00 - loss: 26232.6654 - psnr: 37.1523
28928/31329 [==========================>...] - ETA: 12:39 - loss: 26223.7586 - psnr: 37.1543
29184/31329 [==========================>...] - ETA: 11:18 - loss: 26235.7659 - psnr: 37.1501
29440/31329 [===========================>..] - ETA: 9:57 - loss: 26237.0503 - psnr: 37.1492 
29696/31329 [===========================>..] - ETA: 8:36 - loss: 26240.6093 - psnr: 37.1489
29952/31329 [===========================>..] - ETA: 7:15 - loss: 26246.1632 - psnr: 37.1498
30208/31329 [===========================>..] - ETA: 5:54 - loss: 26235.2343 - psnr: 37.1521
30464/31329 [============================>.] - ETA: 4:33 - loss: 26225.5533 - psnr: 37.1538
30720/31329 [============================>.] - ETA: 3:12 - loss: 26220.3884 - psnr: 37.1528
30976/31329 [============================>.] - ETA: 1:51 - loss: 26213.3007 - psnr: 37.1568
31232/31329 [============================>.] - ETA: 30s - loss: 26214.0029 - psnr: 37.1568 
31329/31329 [==============================] - 10213s 326ms/step - loss: 26204.8445 - psnr: 37.1586 - val_loss: 25426.7282 - val_psnr: 36.7191
Epoch 4/5

  256/31329 [..............................] - ETA: 2:42:39 - loss: 27482.7305 - psnr: 36.7273
  512/31329 [..............................] - ETA: 2:41:33 - loss: 25708.8320 - psnr: 37.1954
  768/31329 [..............................] - ETA: 2:41:13 - loss: 26140.2604 - psnr: 37.1436
 1024/31329 [..............................] - ETA: 2:40:16 - loss: 26393.2031 - psnr: 37.1626
 1280/31329 [>.............................] - ETA: 2:38:54 - loss: 26175.7703 - psnr: 37.2099
 1536/31329 [>.............................] - ETA: 2:37:28 - loss: 26212.7467 - psnr: 37.2102
 1792/31329 [>.............................] - ETA: 2:36:01 - loss: 26103.8544 - psnr: 37.2046
 2048/31329 [>.............................] - ETA: 2:34:33 - loss: 26291.6189 - psnr: 37.2130
 2304/31329 [=>............................] - ETA: 2:33:04 - loss: 26353.5503 - psnr: 37.1753
 2560/31329 [=>............................] - ETA: 2:31:43 - loss: 26340.2301 - psnr: 37.1606
 2816/31329 [=>............................] - ETA: 2:30:19 - loss: 26260.5985 - psnr: 37.1748
 3072/31329 [=>............................] - ETA: 2:28:44 - loss: 26204.2336 - psnr: 37.1884
 3328/31329 [==>...........................] - ETA: 2:27:23 - loss: 26110.2320 - psnr: 37.1996
 3584/31329 [==>...........................] - ETA: 2:26:07 - loss: 25916.8937 - psnr: 37.2554
 3840/31329 [==>...........................] - ETA: 2:24:47 - loss: 25921.1615 - psnr: 37.2602
 4096/31329 [==>...........................] - ETA: 2:23:20 - loss: 25887.5446 - psnr: 37.2609
 4352/31329 [===>..........................] - ETA: 2:21:54 - loss: 25890.1496 - psnr: 37.2570
 4608/31329 [===>..........................] - ETA: 2:20:36 - loss: 25955.1993 - psnr: 37.2424
 4864/31329 [===>..........................] - ETA: 2:19:09 - loss: 25949.5971 - psnr: 37.2376
 5120/31329 [===>..........................] - ETA: 2:17:47 - loss: 25960.6572 - psnr: 37.2237
 5376/31329 [====>.........................] - ETA: 2:16:31 - loss: 25964.2601 - psnr: 37.2226
 5632/31329 [====>.........................] - ETA: 2:15:11 - loss: 25876.1578 - psnr: 37.2325
 5888/31329 [====>.........................] - ETA: 2:13:50 - loss: 25853.5915 - psnr: 37.2314
 6144/31329 [====>.........................] - ETA: 2:12:30 - loss: 25942.5089 - psnr: 37.2332
 6400/31329 [=====>........................] - ETA: 2:11:11 - loss: 25910.9579 - psnr: 37.2335
 6656/31329 [=====>........................] - ETA: 2:09:47 - loss: 25841.2583 - psnr: 37.2441
 6912/31329 [=====>........................] - ETA: 2:08:27 - loss: 25894.4950 - psnr: 37.2337
 7168/31329 [=====>........................] - ETA: 2:07:04 - loss: 25868.9328 - psnr: 37.2328
 7424/31329 [======>.......................] - ETA: 2:05:42 - loss: 25838.3137 - psnr: 37.2380
 7680/31329 [======>.......................] - ETA: 2:04:25 - loss: 25799.5936 - psnr: 37.2380
 7936/31329 [======>.......................] - ETA: 2:03:03 - loss: 25813.7852 - psnr: 37.2319
 8192/31329 [======>.......................] - ETA: 2:01:43 - loss: 25834.4846 - psnr: 37.2283
 8448/31329 [=======>......................] - ETA: 2:00:21 - loss: 25902.0516 - psnr: 37.2175
 8704/31329 [=======>......................] - ETA: 1:59:00 - loss: 25890.6151 - psnr: 37.2198
 8960/31329 [=======>......................] - ETA: 1:57:42 - loss: 25855.7104 - psnr: 37.2207
 9216/31329 [=======>......................] - ETA: 1:56:22 - loss: 25881.6987 - psnr: 37.2210
 9472/31329 [========>.....................] - ETA: 1:55:00 - loss: 25862.4771 - psnr: 37.2314
 9728/31329 [========>.....................] - ETA: 1:53:40 - loss: 25861.2672 - psnr: 37.2270
 9984/31329 [========>.....................] - ETA: 1:52:18 - loss: 25862.1578 - psnr: 37.2310
10240/31329 [========>.....................] - ETA: 1:50:59 - loss: 25853.1076 - psnr: 37.2348
10496/31329 [=========>....................] - ETA: 1:49:38 - loss: 25895.1659 - psnr: 37.2290
10752/31329 [=========>....................] - ETA: 1:48:17 - loss: 25879.9551 - psnr: 37.2322
11008/31329 [=========>....................] - ETA: 1:46:56 - loss: 25902.1200 - psnr: 37.2363
11264/31329 [=========>....................] - ETA: 1:45:37 - loss: 25905.0777 - psnr: 37.2409
11520/31329 [==========>...................] - ETA: 1:44:15 - loss: 25883.3150 - psnr: 37.2410
11776/31329 [==========>...................] - ETA: 1:42:54 - loss: 25910.1213 - psnr: 37.2330
12032/31329 [==========>...................] - ETA: 1:41:33 - loss: 25908.8844 - psnr: 37.2320
12288/31329 [==========>...................] - ETA: 1:40:11 - loss: 25887.8168 - psnr: 37.2365
12544/31329 [===========>..................] - ETA: 1:38:48 - loss: 25889.0639 - psnr: 37.2398
12800/31329 [===========>..................] - ETA: 1:37:28 - loss: 25872.5986 - psnr: 37.2412
13056/31329 [===========>..................] - ETA: 1:36:07 - loss: 25854.5071 - psnr: 37.2442
13312/31329 [===========>..................] - ETA: 1:34:47 - loss: 25808.9582 - psnr: 37.2476
13568/31329 [===========>..................] - ETA: 1:33:25 - loss: 25802.6770 - psnr: 37.2452
13824/31329 [============>.................] - ETA: 1:32:05 - loss: 25780.8615 - psnr: 37.2447
14080/31329 [============>.................] - ETA: 1:30:45 - loss: 25749.4678 - psnr: 37.2477
14336/31329 [============>.................] - ETA: 1:29:24 - loss: 25735.8227 - psnr: 37.2515
14592/31329 [============>.................] - ETA: 1:28:02 - loss: 25719.7951 - psnr: 37.2543
14848/31329 [=============>................] - ETA: 1:26:42 - loss: 25701.1255 - psnr: 37.2550
15104/31329 [=============>................] - ETA: 1:25:20 - loss: 25736.5224 - psnr: 37.2491
15360/31329 [=============>................] - ETA: 1:24:00 - loss: 25783.1822 - psnr: 37.2412
15616/31329 [=============>................] - ETA: 1:22:40 - loss: 25764.4353 - psnr: 37.2410
15872/31329 [==============>...............] - ETA: 1:21:19 - loss: 25804.2633 - psnr: 37.2419
16128/31329 [==============>...............] - ETA: 1:19:59 - loss: 25792.6944 - psnr: 37.2400
16384/31329 [==============>...............] - ETA: 1:18:37 - loss: 25818.1669 - psnr: 37.2373
16640/31329 [==============>...............] - ETA: 1:17:15 - loss: 25825.8538 - psnr: 37.2393
16896/31329 [===============>..............] - ETA: 1:15:55 - loss: 25865.3401 - psnr: 37.2324
17152/31329 [===============>..............] - ETA: 1:14:35 - loss: 25865.6696 - psnr: 37.2338
17408/31329 [===============>..............] - ETA: 1:13:14 - loss: 25818.5811 - psnr: 37.2427
17664/31329 [===============>..............] - ETA: 1:11:54 - loss: 25827.0944 - psnr: 37.2414
17920/31329 [================>.............] - ETA: 1:10:33 - loss: 25805.2999 - psnr: 37.2410
18176/31329 [================>.............] - ETA: 1:09:12 - loss: 25785.8726 - psnr: 37.2423
18432/31329 [================>.............] - ETA: 1:07:51 - loss: 25761.7563 - psnr: 37.2463
18688/31329 [================>.............] - ETA: 1:06:30 - loss: 25798.1561 - psnr: 37.2439
18944/31329 [=================>............] - ETA: 1:05:09 - loss: 25812.2839 - psnr: 37.2463
19200/31329 [=================>............] - ETA: 1:03:48 - loss: 25832.8374 - psnr: 37.2452
19456/31329 [=================>............] - ETA: 1:02:28 - loss: 25821.2438 - psnr: 37.2454
19712/31329 [=================>............] - ETA: 1:01:07 - loss: 25840.3095 - psnr: 37.2481
19968/31329 [==================>...........] - ETA: 59:47 - loss: 25819.7941 - psnr: 37.2496  
20224/31329 [==================>...........] - ETA: 58:26 - loss: 25784.9094 - psnr: 37.2550
20480/31329 [==================>...........] - ETA: 57:05 - loss: 25785.0565 - psnr: 37.2543
20736/31329 [==================>...........] - ETA: 55:45 - loss: 25761.6576 - psnr: 37.2600
20992/31329 [===================>..........] - ETA: 54:24 - loss: 25751.0148 - psnr: 37.2592
21248/31329 [===================>..........] - ETA: 53:03 - loss: 25796.1208 - psnr: 37.2530
21504/31329 [===================>..........] - ETA: 51:42 - loss: 25826.5050 - psnr: 37.2498
21760/31329 [===================>..........] - ETA: 50:21 - loss: 25811.2570 - psnr: 37.2521
22016/31329 [====================>.........] - ETA: 49:00 - loss: 25803.3271 - psnr: 37.2535
22272/31329 [====================>.........] - ETA: 47:39 - loss: 25819.6127 - psnr: 37.2495
22528/31329 [====================>.........] - ETA: 46:18 - loss: 25831.1655 - psnr: 37.2485
22784/31329 [====================>.........] - ETA: 44:58 - loss: 25814.0500 - psnr: 37.2508
23040/31329 [=====================>........] - ETA: 43:37 - loss: 25804.4864 - psnr: 37.2529
23296/31329 [=====================>........] - ETA: 42:16 - loss: 25818.9681 - psnr: 37.2483
23552/31329 [=====================>........] - ETA: 40:55 - loss: 25840.7190 - psnr: 37.2444
23808/31329 [=====================>........] - ETA: 39:34 - loss: 25845.9967 - psnr: 37.2437
24064/31329 [======================>.......] - ETA: 38:13 - loss: 25841.4399 - psnr: 37.2422
24320/31329 [======================>.......] - ETA: 36:52 - loss: 25828.5300 - psnr: 37.2433
24576/31329 [======================>.......] - ETA: 35:32 - loss: 25817.9641 - psnr: 37.2451
24832/31329 [======================>.......] - ETA: 34:11 - loss: 25797.4941 - psnr: 37.2472
25088/31329 [=======================>......] - ETA: 32:50 - loss: 25811.5533 - psnr: 37.2458
25344/31329 [=======================>......] - ETA: 31:29 - loss: 25800.5835 - psnr: 37.2455
25600/31329 [=======================>......] - ETA: 30:09 - loss: 25779.0675 - psnr: 37.2491
25856/31329 [=======================>......] - ETA: 28:48 - loss: 25767.7977 - psnr: 37.2495
26112/31329 [========================>.....] - ETA: 27:27 - loss: 25758.0267 - psnr: 37.2532
26368/31329 [========================>.....] - ETA: 26:06 - loss: 25743.5572 - psnr: 37.2556
26624/31329 [========================>.....] - ETA: 24:45 - loss: 25757.6661 - psnr: 37.2526
26880/31329 [========================>.....] - ETA: 23:24 - loss: 25774.2381 - psnr: 37.2494
27136/31329 [========================>.....] - ETA: 22:03 - loss: 25764.3033 - psnr: 37.2517
27392/31329 [=========================>....] - ETA: 20:43 - loss: 25755.7553 - psnr: 37.2530
27648/31329 [=========================>....] - ETA: 19:22 - loss: 25755.4652 - psnr: 37.2526
27904/31329 [=========================>....] - ETA: 18:01 - loss: 25745.4465 - psnr: 37.2554
28160/31329 [=========================>....] - ETA: 16:40 - loss: 25756.2368 - psnr: 37.2533
28416/31329 [==========================>...] - ETA: 15:19 - loss: 25729.6874 - psnr: 37.2565
28672/31329 [==========================>...] - ETA: 13:58 - loss: 25744.6323 - psnr: 37.2570
28928/31329 [==========================>...] - ETA: 12:37 - loss: 25721.9114 - psnr: 37.2595
29184/31329 [==========================>...] - ETA: 11:17 - loss: 25740.2929 - psnr: 37.2591
29440/31329 [===========================>..] - ETA: 9:56 - loss: 25732.9359 - psnr: 37.2596 
29696/31329 [===========================>..] - ETA: 8:35 - loss: 25728.4438 - psnr: 37.2603
29952/31329 [===========================>..] - ETA: 7:14 - loss: 25712.3795 - psnr: 37.2611
30208/31329 [===========================>..] - ETA: 5:53 - loss: 25697.1764 - psnr: 37.2638
30464/31329 [============================>.] - ETA: 4:33 - loss: 25683.2134 - psnr: 37.2637
30720/31329 [============================>.] - ETA: 3:12 - loss: 25670.4054 - psnr: 37.2642
30976/31329 [============================>.] - ETA: 1:51 - loss: 25659.4528 - psnr: 37.2663
31232/31329 [============================>.] - ETA: 30s - loss: 25634.2406 - psnr: 37.2718 
31329/31329 [==============================] - 10201s 326ms/step - loss: 25637.3903 - psnr: 37.2711 - val_loss: 19336.9203 - val_psnr: 38.2002
Epoch 5/5

  256/31329 [..............................] - ETA: 2:44:02 - loss: 30181.5234 - psnr: 36.5881
  512/31329 [..............................] - ETA: 2:42:39 - loss: 28235.2129 - psnr: 36.8412
  768/31329 [..............................] - ETA: 2:41:06 - loss: 29305.1576 - psnr: 36.7924
 1024/31329 [..............................] - ETA: 2:39:43 - loss: 28274.5654 - psnr: 36.9245
 1280/31329 [>.............................] - ETA: 2:38:37 - loss: 27520.7250 - psnr: 37.0273
 1536/31329 [>.............................] - ETA: 2:37:02 - loss: 27564.3132 - psnr: 37.0448
 1792/31329 [>.............................] - ETA: 2:35:37 - loss: 27284.5006 - psnr: 37.0636
 2048/31329 [>.............................] - ETA: 2:34:09 - loss: 26846.9207 - psnr: 37.1241
 2304/31329 [=>............................] - ETA: 2:32:52 - loss: 26652.3092 - psnr: 37.1588
 2560/31329 [=>............................] - ETA: 2:31:16 - loss: 26517.6814 - psnr: 37.1702
 2816/31329 [=>............................] - ETA: 2:29:50 - loss: 26465.9483 - psnr: 37.1836
 3072/31329 [=>............................] - ETA: 2:28:48 - loss: 26276.4354 - psnr: 37.2236
 3328/31329 [==>...........................] - ETA: 2:27:23 - loss: 26222.1765 - psnr: 37.2232
 3584/31329 [==>...........................] - ETA: 2:26:05 - loss: 26095.8002 - psnr: 37.2275
 3840/31329 [==>...........................] - ETA: 2:24:39 - loss: 25942.7602 - psnr: 37.2480
 4096/31329 [==>...........................] - ETA: 2:23:22 - loss: 25847.9330 - psnr: 37.2505
 4352/31329 [===>..........................] - ETA: 2:21:59 - loss: 25801.4252 - psnr: 37.2454
 4608/31329 [===>..........................] - ETA: 2:20:40 - loss: 25712.8013 - psnr: 37.2537
 4864/31329 [===>..........................] - ETA: 2:19:17 - loss: 25630.7170 - psnr: 37.2609
 5120/31329 [===>..........................] - ETA: 2:17:53 - loss: 25709.4077 - psnr: 37.2565
 5376/31329 [====>.........................] - ETA: 2:16:35 - loss: 25732.9402 - psnr: 37.2602
 5632/31329 [====>.........................] - ETA: 2:15:18 - loss: 25748.3043 - psnr: 37.2583
 5888/31329 [====>.........................] - ETA: 2:13:55 - loss: 25715.2861 - psnr: 37.2557
 6144/31329 [====>.........................] - ETA: 2:12:33 - loss: 25778.8069 - psnr: 37.2356
 6400/31329 [=====>........................] - ETA: 2:11:11 - loss: 25727.0905 - psnr: 37.2538
 6656/31329 [=====>........................] - ETA: 2:09:50 - loss: 25638.0724 - psnr: 37.2716
 6912/31329 [=====>........................] - ETA: 2:08:26 - loss: 25573.9796 - psnr: 37.2869
 7168/31329 [=====>........................] - ETA: 2:07:07 - loss: 25716.2038 - psnr: 37.2926
 7424/31329 [======>.......................] - ETA: 2:05:48 - loss: 25742.6638 - psnr: 37.2924
 7680/31329 [======>.......................] - ETA: 2:04:28 - loss: 25773.1320 - psnr: 37.2957
 7936/31329 [======>.......................] - ETA: 2:03:05 - loss: 25785.5355 - psnr: 37.2900
 8192/31329 [======>.......................] - ETA: 2:01:44 - loss: 25755.0536 - psnr: 37.2980
 8448/31329 [=======>......................] - ETA: 2:00:24 - loss: 25719.1808 - psnr: 37.3038
 8704/31329 [=======>......................] - ETA: 1:59:03 - loss: 25696.6911 - psnr: 37.3077
 8960/31329 [=======>......................] - ETA: 1:57:44 - loss: 25692.6267 - psnr: 37.3098
 9216/31329 [=======>......................] - ETA: 1:56:22 - loss: 25703.3882 - psnr: 37.3094
 9472/31329 [========>.....................] - ETA: 1:55:00 - loss: 25650.1201 - psnr: 37.3179
 9728/31329 [========>.....................] - ETA: 1:53:40 - loss: 25617.8319 - psnr: 37.3181
 9984/31329 [========>.....................] - ETA: 1:52:18 - loss: 25598.6932 - psnr: 37.3163
10240/31329 [========>.....................] - ETA: 1:50:57 - loss: 25586.8418 - psnr: 37.3140
10496/31329 [=========>....................] - ETA: 1:49:35 - loss: 25564.1206 - psnr: 37.3178
10752/31329 [=========>....................] - ETA: 1:48:14 - loss: 25529.3580 - psnr: 37.3212
11008/31329 [=========>....................] - ETA: 1:46:53 - loss: 25524.7347 - psnr: 37.3212
11264/31329 [=========>....................] - ETA: 1:45:32 - loss: 25567.5038 - psnr: 37.3206
11520/31329 [==========>...................] - ETA: 1:44:10 - loss: 25591.8680 - psnr: 37.3197
11776/31329 [==========>...................] - ETA: 1:42:48 - loss: 25578.9371 - psnr: 37.3212
12032/31329 [==========>...................] - ETA: 1:41:27 - loss: 25608.5731 - psnr: 37.3154
12288/31329 [==========>...................] - ETA: 1:40:06 - loss: 25602.0096 - psnr: 37.3114
12544/31329 [===========>..................] - ETA: 1:38:46 - loss: 25576.8275 - psnr: 37.3171
12800/31329 [===========>..................] - ETA: 1:37:26 - loss: 25566.7329 - psnr: 37.3162
13056/31329 [===========>..................] - ETA: 1:36:06 - loss: 25599.4781 - psnr: 37.3110
13312/31329 [===========>..................] - ETA: 1:34:47 - loss: 25606.2237 - psnr: 37.3112
13568/31329 [===========>..................] - ETA: 1:33:25 - loss: 25580.6770 - psnr: 37.3128
13824/31329 [============>.................] - ETA: 1:32:05 - loss: 25550.8123 - psnr: 37.3157
14080/31329 [============>.................] - ETA: 1:30:45 - loss: 25510.4553 - psnr: 37.3209
14336/31329 [============>.................] - ETA: 1:29:24 - loss: 25490.7573 - psnr: 37.3212
14592/31329 [============>.................] - ETA: 1:28:03 - loss: 25501.6816 - psnr: 37.3242
14848/31329 [=============>................] - ETA: 1:26:42 - loss: 25481.5254 - psnr: 37.3290
15104/31329 [=============>................] - ETA: 1:25:20 - loss: 25487.4501 - psnr: 37.3270
15360/31329 [=============>................] - ETA: 1:23:59 - loss: 25495.8033 - psnr: 37.3180
15616/31329 [=============>................] - ETA: 1:22:39 - loss: 25460.0972 - psnr: 37.3218
15872/31329 [==============>...............] - ETA: 1:21:19 - loss: 25437.9070 - psnr: 37.3246
16128/31329 [==============>...............] - ETA: 1:19:59 - loss: 25438.6438 - psnr: 37.3237
16384/31329 [==============>...............] - ETA: 1:18:38 - loss: 25435.4228 - psnr: 37.3225
16640/31329 [==============>...............] - ETA: 1:17:18 - loss: 25422.8703 - psnr: 37.3210
16896/31329 [===============>..............] - ETA: 1:15:57 - loss: 25438.9751 - psnr: 37.3175
17152/31329 [===============>..............] - ETA: 1:14:35 - loss: 25409.7330 - psnr: 37.3208
17408/31329 [===============>..............] - ETA: 1:13:14 - loss: 25404.4814 - psnr: 37.3223
17664/31329 [===============>..............] - ETA: 1:11:54 - loss: 25391.3745 - psnr: 37.3239
17920/31329 [================>.............] - ETA: 1:10:33 - loss: 25377.9992 - psnr: 37.3233
18176/31329 [================>.............] - ETA: 1:09:12 - loss: 25376.6350 - psnr: 37.3233
18432/31329 [================>.............] - ETA: 1:07:52 - loss: 25374.2907 - psnr: 37.3232
18688/31329 [================>.............] - ETA: 1:06:31 - loss: 25354.0510 - psnr: 37.3244
18944/31329 [=================>............] - ETA: 1:05:11 - loss: 25339.3813 - psnr: 37.3251
19200/31329 [=================>............] - ETA: 1:03:50 - loss: 25356.7310 - psnr: 37.3196
19456/31329 [=================>............] - ETA: 1:02:30 - loss: 25343.2989 - psnr: 37.3210
19712/31329 [=================>............] - ETA: 1:01:09 - loss: 25328.8600 - psnr: 37.3231
19968/31329 [==================>...........] - ETA: 59:48 - loss: 25337.3166 - psnr: 37.3217  
20224/31329 [==================>...........] - ETA: 58:27 - loss: 25335.2559 - psnr: 37.3239
20480/31329 [==================>...........] - ETA: 57:06 - loss: 25325.8279 - psnr: 37.3226
20736/31329 [==================>...........] - ETA: 55:46 - loss: 25315.9247 - psnr: 37.3212
20992/31329 [===================>..........] - ETA: 54:25 - loss: 25330.4947 - psnr: 37.3173
21248/31329 [===================>..........] - ETA: 53:04 - loss: 25327.0236 - psnr: 37.3160
21504/31329 [===================>..........] - ETA: 51:43 - loss: 25346.4007 - psnr: 37.3140
21760/31329 [===================>..........] - ETA: 50:23 - loss: 25332.8027 - psnr: 37.3150
22016/31329 [====================>.........] - ETA: 49:02 - loss: 25327.2532 - psnr: 37.3166
22272/31329 [====================>.........] - ETA: 47:41 - loss: 25304.8888 - psnr: 37.3201
22528/31329 [====================>.........] - ETA: 46:20 - loss: 25316.8172 - psnr: 37.3212
22784/31329 [====================>.........] - ETA: 44:59 - loss: 25307.4754 - psnr: 37.3257
23040/31329 [=====================>........] - ETA: 43:38 - loss: 25302.6331 - psnr: 37.3232
23296/31329 [=====================>........] - ETA: 42:17 - loss: 25308.8819 - psnr: 37.3240
23552/31329 [=====================>........] - ETA: 40:57 - loss: 25310.5566 - psnr: 37.3247
23808/31329 [=====================>........] - ETA: 39:36 - loss: 25336.6312 - psnr: 37.3207
24064/31329 [======================>.......] - ETA: 38:15 - loss: 25339.5620 - psnr: 37.3186
24320/31329 [======================>.......] - ETA: 36:54 - loss: 25336.3983 - psnr: 37.3189
24576/31329 [======================>.......] - ETA: 35:33 - loss: 25343.4440 - psnr: 37.3170
24832/31329 [======================>.......] - ETA: 34:12 - loss: 25362.6455 - psnr: 37.3170
25088/31329 [=======================>......] - ETA: 32:51 - loss: 25379.3585 - psnr: 37.3151
25344/31329 [=======================>......] - ETA: 31:30 - loss: 25383.9591 - psnr: 37.3175
25600/31329 [=======================>......] - ETA: 30:09 - loss: 25373.9059 - psnr: 37.3198
25856/31329 [=======================>......] - ETA: 28:48 - loss: 25398.9435 - psnr: 37.3162
26112/31329 [========================>.....] - ETA: 27:27 - loss: 25391.1429 - psnr: 37.3159
26368/31329 [========================>.....] - ETA: 26:07 - loss: 25398.0057 - psnr: 37.3158
26624/31329 [========================>.....] - ETA: 24:46 - loss: 25372.8703 - psnr: 37.3183
26880/31329 [========================>.....] - ETA: 23:25 - loss: 25361.8875 - psnr: 37.3204
27136/31329 [========================>.....] - ETA: 22:04 - loss: 25404.6100 - psnr: 37.3149
27392/31329 [=========================>....] - ETA: 20:43 - loss: 25383.9203 - psnr: 37.3182
27648/31329 [=========================>....] - ETA: 19:22 - loss: 25388.7925 - psnr: 37.3177
27904/31329 [=========================>....] - ETA: 18:02 - loss: 25393.2062 - psnr: 37.3159
28160/31329 [=========================>....] - ETA: 16:41 - loss: 25410.5644 - psnr: 37.3139
28416/31329 [==========================>...] - ETA: 15:20 - loss: 25399.9594 - psnr: 37.3168
28672/31329 [==========================>...] - ETA: 13:59 - loss: 25383.0489 - psnr: 37.3186
28928/31329 [==========================>...] - ETA: 12:38 - loss: 25391.5507 - psnr: 37.3155
29184/31329 [==========================>...] - ETA: 11:17 - loss: 25384.1836 - psnr: 37.3172
29440/31329 [===========================>..] - ETA: 9:56 - loss: 25387.2306 - psnr: 37.3165 
29696/31329 [===========================>..] - ETA: 8:35 - loss: 25364.8798 - psnr: 37.3202
29952/31329 [===========================>..] - ETA: 7:15 - loss: 25356.9691 - psnr: 37.3228
30208/31329 [===========================>..] - ETA: 5:54 - loss: 25357.9304 - psnr: 37.3223
30464/31329 [============================>.] - ETA: 4:33 - loss: 25357.8723 - psnr: 37.3211
30720/31329 [============================>.] - ETA: 3:12 - loss: 25352.9466 - psnr: 37.3201
30976/31329 [============================>.] - ETA: 1:51 - loss: 25363.8779 - psnr: 37.3187
31232/31329 [============================>.] - ETA: 30s - loss: 25352.3244 - psnr: 37.3194 
31329/31329 [==============================] - 10209s 326ms/step - loss: 25353.1924 - psnr: 37.3194 - val_loss: 22187.5841 - val_psnr: 37.4350
